<?xml version="1.0" encoding="UTF-8"?>
<!-- Generated by org.testng.reporters.JUnitReportReporter -->
<testsuite hostname="DESKTOP-L3BAH9G" failures="0" tests="2" name="Demo.OrangeHRM" time="4.844" errors="0" timestamp="2024-08-18T20:25:37 IST" skipped="0">
  <testcase classname="Demo.OrangeHRM" name="loginTestWithInvalidCredential" time="3.526"/>
  <system-out/>
  <testcase classname="Demo.OrangeHRM" name="loginTestWithValidCredential" time="1.318"/>
  <system-out/>
</testsuite> <!-- Demo.OrangeHRM -->
