<?xml version="1.0" encoding="UTF-8"?>
<!-- Generated by org.testng.reporters.JUnitReportReporter -->
<testsuite hostname="DESKTOP-L3BAH9G" failures="0" tests="2" name="Tests.LoginTest" time="8.327" errors="0" timestamp="2024-08-18T20:10:25 IST" skipped="0">
  <testcase classname="Tests.LoginTest" name="loginTestWithInvalidCredential" time="4.665"/>
  <system-out/>
  <testcase classname="Tests.LoginTest" name="loginTestWithValidCredential" time="3.662"/>
  <system-out/>
</testsuite> <!-- Tests.LoginTest -->
