<?xml version="1.0" encoding="UTF-8"?>
<!-- Generated by org.testng.reporters.JUnitReportReporter -->
<testsuite hostname="DESKTOP-L3BAH9G" failures="0" tests="2" name="TestRunner.TestRunner" time="41.821" errors="0" timestamp="2024-08-24T21:32:55 IST" skipped="0">
  <testcase classname="TestRunner.TestRunner" name="runScenario" time="30.228"/>
  <testcase classname="TestRunner.TestRunner" name="runScenario" time="11.593"/>
</testsuite> <!-- TestRunner.TestRunner -->
